<?xml version="1.0" encoding="UTF-8"?>
<!-- Generated by org.testng.reporters.JUnitReportReporter -->
<testsuite hostname="Abdullahs-MBP.lan1" failures="0" tests="1" name="com.mercury.qa.testpages.HomePageTest" time="12.276" errors="0" timestamp="03 Apr 2019 22:17:12 GMT" skipped="0">
  <testcase classname="com.mercury.qa.testpages.HomePageTest" name="LogoutValidation" time="12.276"/>
</testsuite> <!-- com.mercury.qa.testpages.HomePageTest -->
